2021-12-24 10:45:00.707  INFO [main] c.m.o.SpringbootStudyOkayApplication     : logStarting Starting SpringbootStudyOkayApplication using Java 17.0.1 on lilu.local with PID 23951 (/Users/voishion/work/workspace/idea202001/msb/springboot-study-okay/target/classes started by voishion in /Users/voishion/work/workspace/idea202001/msb)
2021-12-24 10:45:00.710  INFO [main] c.m.o.SpringbootStudyOkayApplication     : logStartupProfileInfo No active profile set, falling back to default profiles: default
2021-12-24 10:45:01.307  INFO [main] o.s.b.w.e.t.TomcatWebServer              : initialize Tomcat initialized with port(s): 8080 (http)
2021-12-24 10:45:01.318  INFO [main] o.a.c.h.Http11NioProtocol                : log Initializing ProtocolHandler ["http-nio-8080"]
2021-12-24 10:45:01.319  INFO [main] o.a.c.c.StandardService                  : log Starting service [Tomcat]
2021-12-24 10:45:01.320  INFO [main] o.a.c.c.StandardEngine                   : log Starting Servlet engine: [Apache Tomcat/9.0.56]
2021-12-24 10:45:01.364  INFO [main] o.a.c.c.C.[.[.[/]                        : log Initializing Spring embedded WebApplicationContext
2021-12-24 10:45:01.364  INFO [main] w.s.c.ServletWebServerApplicationContext : prepareWebApplicationContext Root WebApplicationContext: initialization completed in 621 ms
2021-12-24 10:45:01.494 TRACE [main] s.w.s.m.m.a.RequestMappingHandlerMapping : detectHandlerMethods 
	o.s.b.a.w.s.e.BasicErrorController:
	{ [/error]}: error(HttpServletRequest)
	{ [/error], produces [text/html]}: errorHtml(HttpServletRequest,HttpServletResponse)
2021-12-24 10:45:01.497 DEBUG [main] s.w.s.m.m.a.RequestMappingHandlerMapping : handlerMethodsInitialized 2 mappings in 'requestMappingHandlerMapping'
2021-12-24 10:45:01.556  INFO [main] o.a.c.h.Http11NioProtocol                : log Starting ProtocolHandler ["http-nio-8080"]
2021-12-24 10:45:01.568  INFO [main] o.s.b.w.e.t.TomcatWebServer              : start Tomcat started on port(s): 8080 (http) with context path ''
2021-12-24 10:45:01.576  INFO [main] c.m.o.SpringbootStudyOkayApplication     : logStarted Started SpringbootStudyOkayApplication in 1.108 seconds (JVM running for 1.784)
2021-12-24 14:10:11.744  INFO [main] c.m.o.SpringbootStudyOkayApplication     : logStarting Starting SpringbootStudyOkayApplication using Java 17.0.1 on lilu.local with PID 50245 (/Users/voishion/work/workspace/idea202001/msb/springboot-study-okay/target/classes started by voishion in /Users/voishion/work/workspace/idea202001/msb)
2021-12-24 14:10:11.749  INFO [main] c.m.o.SpringbootStudyOkayApplication     : logStartupProfileInfo No active profile set, falling back to default profiles: default
2021-12-24 14:10:12.359  INFO [main] o.s.b.w.e.t.TomcatWebServer              : initialize Tomcat initialized with port(s): 8080 (http)
2021-12-24 14:10:12.370  INFO [main] o.a.c.h.Http11NioProtocol                : log Initializing ProtocolHandler ["http-nio-8080"]
2021-12-24 14:10:12.371  INFO [main] o.a.c.c.StandardService                  : log Starting service [Tomcat]
2021-12-24 14:10:12.371  INFO [main] o.a.c.c.StandardEngine                   : log Starting Servlet engine: [Apache Tomcat/9.0.56]
2021-12-24 14:10:12.433  INFO [main] o.a.c.c.C.[.[.[/]                        : log Initializing Spring embedded WebApplicationContext
2021-12-24 14:10:12.434  INFO [main] w.s.c.ServletWebServerApplicationContext : prepareWebApplicationContext Root WebApplicationContext: initialization completed in 652 ms
2021-12-24 14:10:12.576 TRACE [main] s.w.s.m.m.a.RequestMappingHandlerMapping : detectHandlerMethods 
	c.m.o.c.HelloController:
	{GET [/hello1/{name}]}: hello1(String)
	{GET [/hello2/{name}]}: hello2(String)
2021-12-24 14:10:12.579 TRACE [main] s.w.s.m.m.a.RequestMappingHandlerMapping : detectHandlerMethods 
	o.s.b.a.w.s.e.BasicErrorController:
	{ [/error]}: error(HttpServletRequest)
	{ [/error], produces [text/html]}: errorHtml(HttpServletRequest,HttpServletResponse)
2021-12-24 14:10:12.580 DEBUG [main] s.w.s.m.m.a.RequestMappingHandlerMapping : handlerMethodsInitialized 4 mappings in 'requestMappingHandlerMapping'
2021-12-24 14:10:12.640  INFO [main] o.a.c.h.Http11NioProtocol                : log Starting ProtocolHandler ["http-nio-8080"]
2021-12-24 14:10:12.653  INFO [main] o.s.b.w.e.t.TomcatWebServer              : start Tomcat started on port(s): 8080 (http) with context path ''
2021-12-24 14:10:12.661  INFO [main] c.m.o.SpringbootStudyOkayApplication     : logStarted Started SpringbootStudyOkayApplication in 1.163 seconds (JVM running for 2.521)
2021-12-24 14:10:49.019  INFO [http-nio-8080-exec-1] o.a.c.c.C.[.[.[/]                        : log Initializing Spring DispatcherServlet 'dispatcherServlet'
2021-12-24 14:10:49.020  INFO [http-nio-8080-exec-1] o.s.w.s.DispatcherServlet                : initServletBean Initializing Servlet 'dispatcherServlet'
2021-12-24 14:10:49.020  INFO [http-nio-8080-exec-1] o.s.w.s.DispatcherServlet                : initServletBean Completed initialization in 0 ms
2021-12-24 14:10:49.030 TRACE [http-nio-8080-exec-1] s.w.s.m.m.a.RequestMappingHandlerMapping : getHandler Mapped to com.meishubao.okay.controller.HelloController#hello1(String)
2021-12-24 14:10:49.041  INFO [http-nio-8080-exec-1] c.m.o.c.HelloController                  : hello1 name:voishion, author:name
2021-12-24 14:12:40.743  INFO [main] c.m.o.SpringbootStudyOkayApplication     : logStarting Starting SpringbootStudyOkayApplication using Java 17.0.1 on lilu.local with PID 50589 (/Users/voishion/work/workspace/idea202001/msb/springboot-study-okay/target/classes started by voishion in /Users/voishion/work/workspace/idea202001/msb)
2021-12-24 14:12:40.746  INFO [main] c.m.o.SpringbootStudyOkayApplication     : logStartupProfileInfo No active profile set, falling back to default profiles: default
2021-12-24 14:12:41.356  INFO [main] o.s.b.w.e.t.TomcatWebServer              : initialize Tomcat initialized with port(s): 8080 (http)
2021-12-24 14:12:41.375  INFO [main] o.a.c.h.Http11NioProtocol                : log Initializing ProtocolHandler ["http-nio-8080"]
2021-12-24 14:12:41.375  INFO [main] o.a.c.c.StandardService                  : log Starting service [Tomcat]
2021-12-24 14:12:41.376  INFO [main] o.a.c.c.StandardEngine                   : log Starting Servlet engine: [Apache Tomcat/9.0.56]
2021-12-24 14:12:41.418  INFO [main] o.a.c.c.C.[.[.[/]                        : log Initializing Spring embedded WebApplicationContext
2021-12-24 14:12:41.418  INFO [main] w.s.c.ServletWebServerApplicationContext : prepareWebApplicationContext Root WebApplicationContext: initialization completed in 646 ms
2021-12-24 14:12:41.571 TRACE [main] s.w.s.m.m.a.RequestMappingHandlerMapping : detectHandlerMethods 
	c.m.o.c.HelloController:
	{GET [/hello1/{name}]}: hello1(String)
	{GET [/hello2/{name}]}: hello2(String)
2021-12-24 14:12:41.574 TRACE [main] s.w.s.m.m.a.RequestMappingHandlerMapping : detectHandlerMethods 
	o.s.b.a.w.s.e.BasicErrorController:
	{ [/error]}: error(HttpServletRequest)
	{ [/error], produces [text/html]}: errorHtml(HttpServletRequest,HttpServletResponse)
2021-12-24 14:12:41.576 DEBUG [main] s.w.s.m.m.a.RequestMappingHandlerMapping : handlerMethodsInitialized 4 mappings in 'requestMappingHandlerMapping'
2021-12-24 14:12:41.644  INFO [main] o.a.c.h.Http11NioProtocol                : log Starting ProtocolHandler ["http-nio-8080"]
2021-12-24 14:12:41.656  INFO [main] o.s.b.w.e.t.TomcatWebServer              : start Tomcat started on port(s): 8080 (http) with context path ''
2021-12-24 14:12:41.663  INFO [main] c.m.o.SpringbootStudyOkayApplication     : logStarted Started SpringbootStudyOkayApplication in 1.127 seconds (JVM running for 1.959)
2021-12-24 14:12:54.231  INFO [http-nio-8080-exec-1] o.a.c.c.C.[.[.[/]                        : log Initializing Spring DispatcherServlet 'dispatcherServlet'
2021-12-24 14:12:54.231  INFO [http-nio-8080-exec-1] o.s.w.s.DispatcherServlet                : initServletBean Initializing Servlet 'dispatcherServlet'
2021-12-24 14:12:54.232  INFO [http-nio-8080-exec-1] o.s.w.s.DispatcherServlet                : initServletBean Completed initialization in 1 ms
2021-12-24 14:12:54.242 TRACE [http-nio-8080-exec-1] s.w.s.m.m.a.RequestMappingHandlerMapping : getHandler Mapped to com.meishubao.okay.controller.HelloController#hello1(String)
2021-12-24 14:13:00.104  INFO [http-nio-8080-exec-1] c.m.o.c.HelloController                  : hello1 name:voishion, author:name
2021-12-24 14:13:20.932  INFO [http-nio-8080-exec-1] c.m.o.a.a.RunTimeLogAspect               : around 记录方法执行 -> 类:com.meishubao.okay.controller.HelloController, 方法名:hello1, 执行时长:4207ms, 参数:{"name":"voishion"}
2021-12-24 14:14:08.824 TRACE [http-nio-8080-exec-3] s.w.s.m.m.a.RequestMappingHandlerMapping : getHandler Mapped to com.meishubao.okay.controller.HelloController#hello2(String)
2021-12-24 14:14:19.346  INFO [http-nio-8080-exec-3] c.m.o.c.HelloController                  : hello2 name:silent, author:name
2021-12-24 14:14:31.800  INFO [http-nio-8080-exec-3] c.m.o.a.a.RunTimeLogAspect               : around 记录方法执行 -> 你好, 类:com.meishubao.okay.controller.HelloController, 方法名:hello2, 执行时长:10710ms, 参数:{"name":"silent"}
2021-12-24 14:16:15.742  INFO [main] c.m.o.SpringbootStudyOkayApplication     : logStarting Starting SpringbootStudyOkayApplication using Java 17.0.1 on lilu.local with PID 51092 (/Users/voishion/work/workspace/idea202001/msb/springboot-study-okay/target/classes started by voishion in /Users/voishion/work/workspace/idea202001/msb)
2021-12-24 14:16:15.746  INFO [main] c.m.o.SpringbootStudyOkayApplication     : logStartupProfileInfo No active profile set, falling back to default profiles: default
2021-12-24 14:16:16.352  INFO [main] o.s.b.w.e.t.TomcatWebServer              : initialize Tomcat initialized with port(s): 8080 (http)
2021-12-24 14:16:16.362  INFO [main] o.a.c.h.Http11NioProtocol                : log Initializing ProtocolHandler ["http-nio-8080"]
2021-12-24 14:16:16.362  INFO [main] o.a.c.c.StandardService                  : log Starting service [Tomcat]
2021-12-24 14:16:16.363  INFO [main] o.a.c.c.StandardEngine                   : log Starting Servlet engine: [Apache Tomcat/9.0.56]
2021-12-24 14:16:16.410  INFO [main] o.a.c.c.C.[.[.[/]                        : log Initializing Spring embedded WebApplicationContext
2021-12-24 14:16:16.411  INFO [main] w.s.c.ServletWebServerApplicationContext : prepareWebApplicationContext Root WebApplicationContext: initialization completed in 639 ms
2021-12-24 14:16:16.558 TRACE [main] s.w.s.m.m.a.RequestMappingHandlerMapping : detectHandlerMethods 
	c.m.o.c.HelloController:
	{GET [/hello1/{name}]}: hello1(String)
	{GET [/hello2/{name}]}: hello2(String)
2021-12-24 14:16:16.561 TRACE [main] s.w.s.m.m.a.RequestMappingHandlerMapping : detectHandlerMethods 
	o.s.b.a.w.s.e.BasicErrorController:
	{ [/error]}: error(HttpServletRequest)
	{ [/error], produces [text/html]}: errorHtml(HttpServletRequest,HttpServletResponse)
2021-12-24 14:16:16.562 DEBUG [main] s.w.s.m.m.a.RequestMappingHandlerMapping : handlerMethodsInitialized 4 mappings in 'requestMappingHandlerMapping'
2021-12-24 14:16:16.624  INFO [main] o.a.c.h.Http11NioProtocol                : log Starting ProtocolHandler ["http-nio-8080"]
2021-12-24 14:16:16.635  INFO [main] o.s.b.w.e.t.TomcatWebServer              : start Tomcat started on port(s): 8080 (http) with context path ''
2021-12-24 14:16:16.641  INFO [main] c.m.o.SpringbootStudyOkayApplication     : logStarted Started SpringbootStudyOkayApplication in 1.126 seconds (JVM running for 1.933)
2021-12-24 14:16:22.117  INFO [http-nio-8080-exec-1] o.a.c.c.C.[.[.[/]                        : log Initializing Spring DispatcherServlet 'dispatcherServlet'
2021-12-24 14:16:22.117  INFO [http-nio-8080-exec-1] o.s.w.s.DispatcherServlet                : initServletBean Initializing Servlet 'dispatcherServlet'
2021-12-24 14:16:22.118  INFO [http-nio-8080-exec-1] o.s.w.s.DispatcherServlet                : initServletBean Completed initialization in 0 ms
2021-12-24 14:16:22.132 TRACE [http-nio-8080-exec-1] s.w.s.m.m.a.RequestMappingHandlerMapping : getHandler Mapped to com.meishubao.okay.controller.HelloController#hello1(String)
2021-12-24 14:16:22.154  INFO [http-nio-8080-exec-1] c.m.o.c.HelloController                  : hello1 name:voishion, author:name
2021-12-24 14:16:22.217  INFO [http-nio-8080-exec-1] c.m.o.a.a.RunTimeLogAspect               : around 记录方法执行 -> 类:HelloController, 方法名:hello1, 执行时长:63ms, 参数:{"name":"voishion"}
2021-12-24 14:16:36.664 TRACE [http-nio-8080-exec-2] s.w.s.m.m.a.RequestMappingHandlerMapping : getHandler Mapped to com.meishubao.okay.controller.HelloController#hello2(String)
2021-12-24 14:16:36.665  INFO [http-nio-8080-exec-2] c.m.o.c.HelloController                  : hello2 name:silent, author:name
2021-12-24 14:16:36.666  INFO [http-nio-8080-exec-2] c.m.o.a.a.RunTimeLogAspect               : around 记录方法执行 -> 你好, 类:HelloController, 方法名:hello2, 执行时长:0ms, 参数:{"name":"silent"}
2021-12-24 14:20:10.256  INFO [main] c.m.o.SpringbootStudyOkayApplication     : logStarting Starting SpringbootStudyOkayApplication using Java 17.0.1 on lilu.local with PID 51646 (/Users/voishion/work/workspace/idea202001/msb/springboot-study-okay/target/classes started by voishion in /Users/voishion/work/workspace/idea202001/msb)
2021-12-24 14:20:10.261  INFO [main] c.m.o.SpringbootStudyOkayApplication     : logStartupProfileInfo No active profile set, falling back to default profiles: default
2021-12-24 14:20:10.883  INFO [main] o.s.b.w.e.t.TomcatWebServer              : initialize Tomcat initialized with port(s): 8080 (http)
2021-12-24 14:20:10.894  INFO [main] o.a.c.h.Http11NioProtocol                : log Initializing ProtocolHandler ["http-nio-8080"]
2021-12-24 14:20:10.895  INFO [main] o.a.c.c.StandardService                  : log Starting service [Tomcat]
2021-12-24 14:20:10.895  INFO [main] o.a.c.c.StandardEngine                   : log Starting Servlet engine: [Apache Tomcat/9.0.56]
2021-12-24 14:20:10.941  INFO [main] o.a.c.c.C.[.[.[/]                        : log Initializing Spring embedded WebApplicationContext
2021-12-24 14:20:10.942  INFO [main] w.s.c.ServletWebServerApplicationContext : prepareWebApplicationContext Root WebApplicationContext: initialization completed in 649 ms
2021-12-24 14:20:11.119 TRACE [main] s.w.s.m.m.a.RequestMappingHandlerMapping : detectHandlerMethods 
	c.m.o.c.HelloController:
	{GET [/hello1/{name}]}: hello1(String)
	{GET [/hello2/{name}]}: hello2(String)
2021-12-24 14:20:11.123 TRACE [main] s.w.s.m.m.a.RequestMappingHandlerMapping : detectHandlerMethods 
	o.s.b.a.w.s.e.BasicErrorController:
	{ [/error]}: error(HttpServletRequest)
	{ [/error], produces [text/html]}: errorHtml(HttpServletRequest,HttpServletResponse)
2021-12-24 14:20:11.124 DEBUG [main] s.w.s.m.m.a.RequestMappingHandlerMapping : handlerMethodsInitialized 4 mappings in 'requestMappingHandlerMapping'
2021-12-24 14:20:11.197  INFO [main] o.a.c.h.Http11NioProtocol                : log Starting ProtocolHandler ["http-nio-8080"]
2021-12-24 14:20:11.210  INFO [main] o.s.b.w.e.t.TomcatWebServer              : start Tomcat started on port(s): 8080 (http) with context path ''
2021-12-24 14:20:11.217  INFO [main] c.m.o.SpringbootStudyOkayApplication     : logStarted Started SpringbootStudyOkayApplication in 1.232 seconds (JVM running for 2.045)
2021-12-24 14:20:16.924  INFO [http-nio-8080-exec-1] o.a.c.c.C.[.[.[/]                        : log Initializing Spring DispatcherServlet 'dispatcherServlet'
2021-12-24 14:20:16.924  INFO [http-nio-8080-exec-1] o.s.w.s.DispatcherServlet                : initServletBean Initializing Servlet 'dispatcherServlet'
2021-12-24 14:20:16.925  INFO [http-nio-8080-exec-1] o.s.w.s.DispatcherServlet                : initServletBean Completed initialization in 1 ms
2021-12-24 14:20:16.935 TRACE [http-nio-8080-exec-1] s.w.s.m.m.a.RequestMappingHandlerMapping : getHandler Mapped to com.meishubao.okay.controller.HelloController#hello1(String)
2021-12-24 14:20:16.957  INFO [http-nio-8080-exec-1] c.m.o.c.HelloController                  : hello1 name:voishion, author:name
2021-12-24 14:20:17.032  INFO [http-nio-8080-exec-1] c.m.o.a.a.RunTimeLogAspect               : around 记录方法执行 -> 类:HelloController, 方法名:hello1, 执行时长:72ms, 参数列表:{"name":"voishion"}
2021-12-24 14:20:24.791 TRACE [http-nio-8080-exec-2] s.w.s.m.m.a.RequestMappingHandlerMapping : getHandler Mapped to com.meishubao.okay.controller.HelloController#hello2(String)
2021-12-24 14:20:24.793  INFO [http-nio-8080-exec-2] c.m.o.c.HelloController                  : hello2 name:silent, author:name
2021-12-24 14:20:24.793  INFO [http-nio-8080-exec-2] c.m.o.a.a.RunTimeLogAspect               : around 记录方法执行 ->【你好】类:HelloController, 方法名:hello2, 执行时长:1ms, 参数列表:{"name":"silent"}
